Determining if the pthread_create exist failed with the following output:
Change Dir: /shared/liandao/build/CMakeFiles/CMakeTmp

Run Build Command:"/usr/bin/gmake" "cmTC_2978a/fast"
/usr/bin/gmake -f CMakeFiles/cmTC_2978a.dir/build.make CMakeFiles/cmTC_2978a.dir/build
gmake[1]: Entering directory `/shared/liandao/build/CMakeFiles/CMakeTmp'
Building C object CMakeFiles/cmTC_2978a.dir/CheckSymbolExists.c.o
/usr/bin/cc    -o CMakeFiles/cmTC_2978a.dir/CheckSymbolExists.c.o   -c /shared/liandao/build/CMakeFiles/CMakeTmp/CheckSymbolExists.c
Linking C executable cmTC_2978a
/usr/bin/cmake -E cmake_link_script CMakeFiles/cmTC_2978a.dir/link.txt --verbose=1
/usr/bin/cc      CMakeFiles/cmTC_2978a.dir/CheckSymbolExists.c.o  -o cmTC_2978a 
CMakeFiles/cmTC_2978a.dir/CheckSymbolExists.c.o: In function `main':
CheckSymbolExists.c:(.text+0x16): undefined reference to `pthread_create'
collect2: error: ld returned 1 exit status
gmake[1]: *** [cmTC_2978a] Error 1
gmake[1]: Leaving directory `/shared/liandao/build/CMakeFiles/CMakeTmp'
gmake: *** [cmTC_2978a/fast] Error 2

File /shared/liandao/build/CMakeFiles/CMakeTmp/CheckSymbolExists.c:
/* */
#include <pthread.h>

int main(int argc, char** argv)
{
  (void)argv;
#ifndef pthread_create
  return ((int*)(&pthread_create))[argc];
#else
  (void)argc;
  return 0;
#endif
}

Determining if the function pthread_create exists in the pthreads failed with the following output:
Change Dir: /shared/liandao/build/CMakeFiles/CMakeTmp

Run Build Command:"/usr/bin/gmake" "cmTC_265c4/fast"
/usr/bin/gmake -f CMakeFiles/cmTC_265c4.dir/build.make CMakeFiles/cmTC_265c4.dir/build
gmake[1]: Entering directory `/shared/liandao/build/CMakeFiles/CMakeTmp'
Building C object CMakeFiles/cmTC_265c4.dir/CheckFunctionExists.c.o
/usr/bin/cc   -DCHECK_FUNCTION_EXISTS=pthread_create   -o CMakeFiles/cmTC_265c4.dir/CheckFunctionExists.c.o   -c /usr/share/cmake-3.8/Modules/CheckFunctionExists.c
Linking C executable cmTC_265c4
/usr/bin/cmake -E cmake_link_script CMakeFiles/cmTC_265c4.dir/link.txt --verbose=1
/usr/bin/cc  -DCHECK_FUNCTION_EXISTS=pthread_create    CMakeFiles/cmTC_265c4.dir/CheckFunctionExists.c.o  -o cmTC_265c4 -lpthreads 
/usr/bin/ld: cannot find -lpthreads
collect2: error: ld returned 1 exit status
gmake[1]: *** [cmTC_265c4] Error 1
gmake[1]: Leaving directory `/shared/liandao/build/CMakeFiles/CMakeTmp'
gmake: *** [cmTC_265c4/fast] Error 2


